<?xml version="1.0" encoding="UTF-8"?>
<!-- Generated by org.testng.reporters.JUnitReportReporter -->
<testsuite hostname="DESKTOP-29J6SE7" failures="0" tests="2" name="testCases.TC_AccountRegistrationTest" time="12.515" errors="0" timestamp="2024-09-11T18:08:03 IST" skipped="0">
  <testcase classname="testCases.TC_AccountRegistrationTest" name="verify_account_registration" time="3.775"/>
  <testcase classname="testCases.TC_AccountRegistrationTest" name="verify_account_registration" time="8.740"/>
</testsuite> <!-- testCases.TC_AccountRegistrationTest -->
