<?xml version="1.0" encoding="UTF-8"?>
<!-- Generated by org.testng.reporters.JUnitReportReporter -->
<testsuite hostname="DESKTOP-29J6SE7" failures="0" tests="2" name="testCases.TC003_LoginDDT" time="5.412" errors="0" timestamp="2024-09-07T22:16:23 IST" skipped="0">
  <testcase classname="testCases.TC003_LoginDDT" name="verify_LoginDDT" time="2.885"/>
  <testcase classname="testCases.TC003_LoginDDT" name="verify_LoginDDT" time="2.527"/>
</testsuite> <!-- testCases.TC003_LoginDDT -->
