<?xml version="1.0" encoding="UTF-8"?>
<!-- Generated by org.testng.reporters.JUnitReportReporter -->
<testsuite hostname="DESKTOP-29J6SE7" failures="0" tests="1" name="testCases.TC_AccountRegistrationTest" time="4.135" errors="0" timestamp="2024-09-28T18:06:13 IST" skipped="0">
  <testcase classname="testCases.TC_AccountRegistrationTest" name="verify_account_registration" time="4.135"/>
</testsuite> <!-- testCases.TC_AccountRegistrationTest -->
