<?xml version="1.0" encoding="UTF-8"?>
<!-- Generated by org.testng.reporters.JUnitReportReporter -->
<testsuite hostname="DESKTOP-29J6SE7" failures="0" tests="1" name="testCases.TC002_LoginTest" time="5.424" errors="0" timestamp="2024-09-28T18:06:13 IST" skipped="0">
  <testcase classname="testCases.TC002_LoginTest" name="verify_login" time="5.424"/>
</testsuite> <!-- testCases.TC002_LoginTest -->
